2025-04-04 10:04:58.010032 - Received CBT.V508.FILE458.PDS from FILE458.XMI 
2025-04-04 10:04:58.014671 - Found $$$#DATE.txt (text/plain) in CBT.V508.FILE458.PDS, moved to PDS/$$$#DATE
2025-04-04 10:04:58.014831 - Found $$$DOC.txt (text/plain) in CBT.V508.FILE458.PDS, moved to PDS/$$$DOC
2025-04-04 10:04:58.014972 - Found $$$PROCS.jcl (text/plain) in CBT.V508.FILE458.PDS, moved to PDS/$$$PROCS
2025-04-04 10:04:58.015106 - Found #DOC#.txt (text/plain) in CBT.V508.FILE458.PDS, moved to PDS/#DOC#
2025-04-04 10:04:58.015231 - Found #INFO#.txt (text/plain) in CBT.V508.FILE458.PDS, moved to PDS/#INFO#
2025-04-04 10:04:58.015352 - Found @FILE458.txt (text/plain) in CBT.V508.FILE458.PDS, moved to PDS/@FILE458
2025-04-04 10:04:58.015501 - Found CDSCB.txt (text/plain) in CBT.V508.FILE458.PDS, moved to PDS/CDSCB
2025-04-04 10:04:58.015650 - Found CDSCB$.jcl (text/plain) in CBT.V508.FILE458.PDS, moved to PDS/CDSCB$
2025-04-04 10:04:58.015781 - Found CDSCB@.txt (text/plain) in CBT.V508.FILE458.PDS, moved to PDS/CDSCB@
2025-04-04 10:04:58.015912 - Found CDSCBH.txt (text/plain) in CBT.V508.FILE458.PDS, moved to PDS/CDSCBH
2025-04-04 10:04:58.016035 - Found COMPARB@.txt (text/plain) in CBT.V508.FILE458.PDS, moved to PDS/COMPARB@
2025-04-04 10:04:58.016157 - Found COMPARE.txt (text/plain) in CBT.V508.FILE458.PDS, moved to PDS/COMPARE
2025-04-04 10:04:58.016289 - Found COMPARE$.jcl (text/plain) in CBT.V508.FILE458.PDS, moved to PDS/COMPARE$
2025-04-04 10:04:58.016434 - Found COMPARE@.txt (text/plain) in CBT.V508.FILE458.PDS, moved to PDS/COMPARE@
2025-04-04 10:04:58.016580 - Found COMPAREB.txt (text/plain) in CBT.V508.FILE458.PDS, moved to PDS/COMPAREB
2025-04-04 10:04:58.016739 - Found COMPAREH.txt (text/plain) in CBT.V508.FILE458.PDS, moved to PDS/COMPAREH
2025-04-04 10:04:58.016856 - Found CURESTA.txt (text/plain) in CBT.V508.FILE458.PDS, moved to PDS/CURESTA
2025-04-04 10:04:58.016980 - Found CURESTA$.jcl (text/plain) in CBT.V508.FILE458.PDS, moved to PDS/CURESTA$
2025-04-04 10:04:58.017107 - Found CURESTA@.txt (text/plain) in CBT.V508.FILE458.PDS, moved to PDS/CURESTA@
2025-04-04 10:04:58.017240 - Found DIDOCS.txt (text/plain) in CBT.V508.FILE458.PDS, moved to PDS/DIDOCS
2025-04-04 10:04:58.017360 - Found DIDOCS$.jcl (text/plain) in CBT.V508.FILE458.PDS, moved to PDS/DIDOCS$
2025-04-04 10:04:58.017496 - Found DIDOCS@.txt (text/plain) in CBT.V508.FILE458.PDS, moved to PDS/DIDOCS@
2025-04-04 10:04:58.017608 - Found DIDOCSM.txt (text/plain) in CBT.V508.FILE458.PDS, moved to PDS/DIDOCSM
2025-04-04 10:04:58.017747 - Found DISASM$.jcl (text/plain) in CBT.V508.FILE458.PDS, moved to PDS/DISASM$
2025-04-04 10:04:58.017864 - Found DISASM@.txt (text/plain) in CBT.V508.FILE458.PDS, moved to PDS/DISASM@
2025-04-04 10:04:58.017978 - Found DISASMM.txt (text/plain) in CBT.V508.FILE458.PDS, moved to PDS/DISASMM
2025-04-04 10:04:58.018126 - Found DISASM0.txt (text/plain) in CBT.V508.FILE458.PDS, moved to PDS/DISASM0
2025-04-04 10:04:58.018250 - Found DISASM1.txt (text/plain) in CBT.V508.FILE458.PDS, moved to PDS/DISASM1
2025-04-04 10:04:58.018382 - Found DISASM2.txt (text/plain) in CBT.V508.FILE458.PDS, moved to PDS/DISASM2
2025-04-04 10:04:58.018502 - Found DOPROG.txt (text/plain) in CBT.V508.FILE458.PDS, moved to PDS/DOPROG
2025-04-04 10:04:58.018616 - Found DOPROG$.jcl (text/plain) in CBT.V508.FILE458.PDS, moved to PDS/DOPROG$
2025-04-04 10:04:58.018747 - Found DOPROG@.txt (text/plain) in CBT.V508.FILE458.PDS, moved to PDS/DOPROG@
2025-04-04 10:04:58.018867 - Found DOPROGH.txt (text/plain) in CBT.V508.FILE458.PDS, moved to PDS/DOPROGH
2025-04-04 10:04:58.018997 - Found DSNCHEC$.jcl (text/plain) in CBT.V508.FILE458.PDS, moved to PDS/DSNCHEC$
2025-04-04 10:04:58.019114 - Found DSNCHEC@.txt (text/plain) in CBT.V508.FILE458.PDS, moved to PDS/DSNCHEC@
2025-04-04 10:04:58.019234 - Found DSNCHECH.txt (text/plain) in CBT.V508.FILE458.PDS, moved to PDS/DSNCHECH
2025-04-04 10:04:58.019348 - Found DSNCHECK.txt (text/plain) in CBT.V508.FILE458.PDS, moved to PDS/DSNCHECK
2025-04-04 10:04:58.019462 - Found DSNTAB.txt (text/plain) in CBT.V508.FILE458.PDS, moved to PDS/DSNTAB
2025-04-04 10:04:58.019582 - Found DSNTAB$.jcl (text/plain) in CBT.V508.FILE458.PDS, moved to PDS/DSNTAB$
2025-04-04 10:04:58.019718 - Found DSNTAB@.txt (text/plain) in CBT.V508.FILE458.PDS, moved to PDS/DSNTAB@
2025-04-04 10:04:58.019885 - Found ETPS.txt (text/plain) in CBT.V508.FILE458.PDS, moved to PDS/ETPS
2025-04-04 10:04:58.020000 - Found ETPS$.jcl (text/plain) in CBT.V508.FILE458.PDS, moved to PDS/ETPS$
2025-04-04 10:04:58.020130 - Found ETPS$O1.txt (text/plain) in CBT.V508.FILE458.PDS, moved to PDS/ETPS$O1
2025-04-04 10:04:58.020247 - Found ETPS$O2A.txt (text/plain) in CBT.V508.FILE458.PDS, moved to PDS/ETPS$O2A
2025-04-04 10:04:58.020367 - Found ETPS$O2B.txt (text/plain) in CBT.V508.FILE458.PDS, moved to PDS/ETPS$O2B
2025-04-04 10:04:58.020484 - Found ETPS@.txt (text/plain) in CBT.V508.FILE458.PDS, moved to PDS/ETPS@
2025-04-04 10:04:58.020600 - Found ETPSBROW.txt (text/plain) in CBT.V508.FILE458.PDS, moved to PDS/ETPSBROW
2025-04-04 10:04:58.020727 - Found ETPSCOMP.txt (text/plain) in CBT.V508.FILE458.PDS, moved to PDS/ETPSCOMP
2025-04-04 10:04:58.020852 - Found ETPSDEFS.txt (text/plain) in CBT.V508.FILE458.PDS, moved to PDS/ETPSDEFS
2025-04-04 10:04:58.020989 - Found ETPSDSST.txt (text/plain) in CBT.V508.FILE458.PDS, moved to PDS/ETPSDSST
2025-04-04 10:04:58.021131 - Found ETPSEDIT.txt (text/plain) in CBT.V508.FILE458.PDS, moved to PDS/ETPSEDIT
2025-04-04 10:04:58.021258 - Found ETPSIDCA.txt (text/plain) in CBT.V508.FILE458.PDS, moved to PDS/ETPSIDCA
2025-04-04 10:04:58.021384 - Found ETPSIZAP.txt (text/plain) in CBT.V508.FILE458.PDS, moved to PDS/ETPSIZAP
2025-04-04 10:04:58.021497 - Found ETPSMACS.txt (text/plain) in CBT.V508.FILE458.PDS, moved to PDS/ETPSMACS
2025-04-04 10:04:58.021613 - Found ETPSMEMC.txt (text/plain) in CBT.V508.FILE458.PDS, moved to PDS/ETPSMEMC
2025-04-04 10:04:58.021730 - Found ETPSMESS.txt (text/plain) in CBT.V508.FILE458.PDS, moved to PDS/ETPSMESS
2025-04-04 10:04:58.021857 - Found ETPSTSO.txt (text/plain) in CBT.V508.FILE458.PDS, moved to PDS/ETPSTSO
2025-04-04 10:04:58.021979 - Found ETPSTSO$.jcl (text/plain) in CBT.V508.FILE458.PDS, moved to PDS/ETPSTSO$
2025-04-04 10:04:58.022108 - Found ETPSUTIL.txt (text/plain) in CBT.V508.FILE458.PDS, moved to PDS/ETPSUTIL
2025-04-04 10:04:58.022261 - Found ETPSZAP.x-dosexec (application/x-dosexec) in CBT.V508.FILE458.PDS, moved to PDS/ETPSZAP
2025-04-04 10:04:58.022381 - Found FAKEGSAM.txt (text/plain) in CBT.V508.FILE458.PDS, moved to PDS/FAKEGSAM
2025-04-04 10:04:58.022507 - Found GTEMACS.txt (text/plain) in CBT.V508.FILE458.PDS, moved to PDS/GTEMACS
2025-04-04 10:04:58.022653 - Found HEL.txt (text/plain) in CBT.V508.FILE458.PDS, moved to PDS/HEL
2025-04-04 10:04:58.022774 - Found HEL$.jcl (text/plain) in CBT.V508.FILE458.PDS, moved to PDS/HEL$
2025-04-04 10:04:58.022894 - Found HEL@.txt (text/plain) in CBT.V508.FILE458.PDS, moved to PDS/HEL@
2025-04-04 10:04:58.023009 - Found HELH.txt (text/plain) in CBT.V508.FILE458.PDS, moved to PDS/HELH
2025-04-04 10:04:58.023123 - Found HELMSGS.txt (text/plain) in CBT.V508.FILE458.PDS, moved to PDS/HELMSGS
2025-04-04 10:04:58.023248 - Found INCORZA$.jcl (text/plain) in CBT.V508.FILE458.PDS, moved to PDS/INCORZA$
2025-04-04 10:04:58.023377 - Found INCORZA@.txt (text/plain) in CBT.V508.FILE458.PDS, moved to PDS/INCORZA@
2025-04-04 10:04:58.023507 - Found INCORZAP.txt (text/plain) in CBT.V508.FILE458.PDS, moved to PDS/INCORZAP
2025-04-04 10:04:58.023629 - Found JCLFLOW.txt (text/plain) in CBT.V508.FILE458.PDS, moved to PDS/JCLFLOW
2025-04-04 10:04:58.023762 - Found JCLFLOW$.jcl (text/plain) in CBT.V508.FILE458.PDS, moved to PDS/JCLFLOW$
2025-04-04 10:04:58.023876 - Found JCLFLOW@.txt (text/plain) in CBT.V508.FILE458.PDS, moved to PDS/JCLFLOW@
2025-04-04 10:04:58.023991 - Found LISTICA$.jcl (text/plain) in CBT.V508.FILE458.PDS, moved to PDS/LISTICA$
2025-04-04 10:04:58.024104 - Found LISTICA@.txt (text/plain) in CBT.V508.FILE458.PDS, moved to PDS/LISTICA@
2025-04-04 10:04:58.024231 - Found LISTICAT.txt (text/plain) in CBT.V508.FILE458.PDS, moved to PDS/LISTICAT
2025-04-04 10:04:58.024354 - Found LISTICDA.txt (text/plain) in CBT.V508.FILE458.PDS, moved to PDS/LISTICDA
2025-04-04 10:04:58.024468 - Found LISTICDC.txt (text/plain) in CBT.V508.FILE458.PDS, moved to PDS/LISTICDC
2025-04-04 10:04:58.024581 - Found LISTICDS.txt (text/plain) in CBT.V508.FILE458.PDS, moved to PDS/LISTICDS
2025-04-04 10:04:58.024711 - Found LISTICMC.txt (text/plain) in CBT.V508.FILE458.PDS, moved to PDS/LISTICMC
2025-04-04 10:04:58.024827 - Found LISTICMS.txt (text/plain) in CBT.V508.FILE458.PDS, moved to PDS/LISTICMS
2025-04-04 10:04:58.024947 - Found LISTICPR.txt (text/plain) in CBT.V508.FILE458.PDS, moved to PDS/LISTICPR
2025-04-04 10:04:58.025057 - Found MEMSTAT.txt (text/plain) in CBT.V508.FILE458.PDS, moved to PDS/MEMSTAT
2025-04-04 10:04:58.025171 - Found MEMSTAT$.jcl (text/plain) in CBT.V508.FILE458.PDS, moved to PDS/MEMSTAT$
2025-04-04 10:04:58.025295 - Found MEMSTAT@.txt (text/plain) in CBT.V508.FILE458.PDS, moved to PDS/MEMSTAT@
2025-04-04 10:04:58.025414 - Found MEMSTATH.txt (text/plain) in CBT.V508.FILE458.PDS, moved to PDS/MEMSTATH
2025-04-04 10:04:58.025536 - Found MODLOOK.txt (text/plain) in CBT.V508.FILE458.PDS, moved to PDS/MODLOOK
2025-04-04 10:04:58.025652 - Found MODLOOK$.jcl (text/plain) in CBT.V508.FILE458.PDS, moved to PDS/MODLOOK$
2025-04-04 10:04:58.025778 - Found MODLOOK@.txt (text/plain) in CBT.V508.FILE458.PDS, moved to PDS/MODLOOK@
2025-04-04 10:04:58.025897 - Found NOTICE.txt (text/plain) in CBT.V508.FILE458.PDS, moved to PDS/NOTICE
2025-04-04 10:04:58.026012 - Found NOTICE$.jcl (text/plain) in CBT.V508.FILE458.PDS, moved to PDS/NOTICE$
2025-04-04 10:04:58.026126 - Found NOTICE$@.txt (text/plain) in CBT.V508.FILE458.PDS, moved to PDS/NOTICE$@
2025-04-04 10:04:58.026238 - Found NOTICE@.txt (text/plain) in CBT.V508.FILE458.PDS, moved to PDS/NOTICE@
2025-04-04 10:04:58.026372 - Found NOTICECI.txt (text/plain) in CBT.V508.FILE458.PDS, moved to PDS/NOTICECI
2025-04-04 10:04:58.026485 - Found NOTICEHL.txt (text/plain) in CBT.V508.FILE458.PDS, moved to PDS/NOTICEHL
2025-04-04 10:04:58.026606 - Found NOTICEPI.txt (text/plain) in CBT.V508.FILE458.PDS, moved to PDS/NOTICEPI
2025-04-04 10:04:58.026727 - Found NOTICESA.txt (text/plain) in CBT.V508.FILE458.PDS, moved to PDS/NOTICESA
2025-04-04 10:04:58.026851 - Found OACNOW.txt (text/plain) in CBT.V508.FILE458.PDS, moved to PDS/OACNOW
2025-04-04 10:04:58.026970 - Found PACKLIS$.jcl (text/plain) in CBT.V508.FILE458.PDS, moved to PDS/PACKLIS$
2025-04-04 10:04:58.027082 - Found PACKLIS@.txt (text/plain) in CBT.V508.FILE458.PDS, moved to PDS/PACKLIS@
2025-04-04 10:04:58.027200 - Found PACKLIST.txt (text/plain) in CBT.V508.FILE458.PDS, moved to PDS/PACKLIST
2025-04-04 10:04:58.027309 - Found PDFINIT.txt (text/plain) in CBT.V508.FILE458.PDS, moved to PDS/PDFINIT
2025-04-04 10:04:58.027424 - Found PDFINIT$.jcl (text/plain) in CBT.V508.FILE458.PDS, moved to PDS/PDFINIT$
2025-04-04 10:04:58.027551 - Found PDFINIT@.txt (text/plain) in CBT.V508.FILE458.PDS, moved to PDS/PDFINIT@
2025-04-04 10:04:58.027668 - Found PDSMATC$.jcl (text/plain) in CBT.V508.FILE458.PDS, moved to PDS/PDSMATC$
2025-04-04 10:04:58.027784 - Found PDSMATC@.txt (text/plain) in CBT.V508.FILE458.PDS, moved to PDS/PDSMATC@
2025-04-04 10:04:58.027900 - Found PDSMATCH.txt (text/plain) in CBT.V508.FILE458.PDS, moved to PDS/PDSMATCH
2025-04-04 10:04:58.028011 - Found POF.txt (text/plain) in CBT.V508.FILE458.PDS, moved to PDS/POF
2025-04-04 10:04:58.028128 - Found POF$.jcl (text/plain) in CBT.V508.FILE458.PDS, moved to PDS/POF$
2025-04-04 10:04:58.028251 - Found POF@.txt (text/plain) in CBT.V508.FILE458.PDS, moved to PDS/POF@
2025-04-04 10:04:58.028363 - Found POFH.txt (text/plain) in CBT.V508.FILE458.PDS, moved to PDS/POFH
2025-04-04 10:04:58.028486 - Found PSWSAMP.txt (text/plain) in CBT.V508.FILE458.PDS, moved to PDS/PSWSAMP
2025-04-04 10:04:58.028618 - Found PSWSAMP$.jcl (text/plain) in CBT.V508.FILE458.PDS, moved to PDS/PSWSAMP$
2025-04-04 10:04:58.028728 - Found PUSE.txt (text/plain) in CBT.V508.FILE458.PDS, moved to PDS/PUSE
2025-04-04 10:04:58.028844 - Found PUSE$.jcl (text/plain) in CBT.V508.FILE458.PDS, moved to PDS/PUSE$
2025-04-04 10:04:58.028961 - Found PUSE@.txt (text/plain) in CBT.V508.FILE458.PDS, moved to PDS/PUSE@
2025-04-04 10:04:58.029163 - Found PUSEH.txt (text/plain) in CBT.V508.FILE458.PDS, moved to PDS/PUSEH
2025-04-04 10:04:58.029370 - Found QSP.txt (text/plain) in CBT.V508.FILE458.PDS, moved to PDS/QSP
2025-04-04 10:04:58.029505 - Found QSP$.jcl (text/plain) in CBT.V508.FILE458.PDS, moved to PDS/QSP$
2025-04-04 10:04:58.029656 - Found QSP@.txt (text/plain) in CBT.V508.FILE458.PDS, moved to PDS/QSP@
2025-04-04 10:04:58.029778 - Found QSPH.txt (text/plain) in CBT.V508.FILE458.PDS, moved to PDS/QSPH
2025-04-04 10:04:58.029921 - Found QSPHELP.txt (text/plain) in CBT.V508.FILE458.PDS, moved to PDS/QSPHELP
2025-04-04 10:04:58.030043 - Found ROTATER.txt (text/plain) in CBT.V508.FILE458.PDS, moved to PDS/ROTATER
2025-04-04 10:04:58.030164 - Found ROTATER$.jcl (text/plain) in CBT.V508.FILE458.PDS, moved to PDS/ROTATER$
2025-04-04 10:04:58.030285 - Found ROTATER@.txt (text/plain) in CBT.V508.FILE458.PDS, moved to PDS/ROTATER@
2025-04-04 10:04:58.030400 - Found SCHEDALP.txt (text/plain) in CBT.V508.FILE458.PDS, moved to PDS/SCHEDALP
2025-04-04 10:04:58.030570 - Found SCHEDMAC.bin (application/octet-stream) in CBT.V508.FILE458.PDS, moved to PDS/SCHEDMAC
2025-04-04 10:04:58.030729 - Found SCHEDRUN.bin (application/octet-stream) in CBT.V508.FILE458.PDS, moved to PDS/SCHEDRUN
2025-04-04 10:04:58.030866 - Found SCHEDRUP.txt (text/plain) in CBT.V508.FILE458.PDS, moved to PDS/SCHEDRUP
2025-04-04 10:04:58.031031 - Found SCHEDUL$.jcl (text/plain) in CBT.V508.FILE458.PDS, moved to PDS/SCHEDUL$
2025-04-04 10:04:58.031160 - Found SCHEDUL@.txt (text/plain) in CBT.V508.FILE458.PDS, moved to PDS/SCHEDUL@
2025-04-04 10:04:58.031372 - Found SCHEDULE.bin (application/octet-stream) in CBT.V508.FILE458.PDS, moved to PDS/SCHEDULE
2025-04-04 10:04:58.031496 - Found SCHEDULH.txt (text/plain) in CBT.V508.FILE458.PDS, moved to PDS/SCHEDULH
2025-04-04 10:04:58.031620 - Found TO.txt (text/plain) in CBT.V508.FILE458.PDS, moved to PDS/TO
2025-04-04 10:04:58.031754 - Found TO$.jcl (text/plain) in CBT.V508.FILE458.PDS, moved to PDS/TO$
2025-04-04 10:04:58.031914 - Found TO@.txt (text/plain) in CBT.V508.FILE458.PDS, moved to PDS/TO@
2025-04-04 10:04:58.032033 - Found TOH.txt (text/plain) in CBT.V508.FILE458.PDS, moved to PDS/TOH
2025-04-04 10:04:58.032194 - Found WHATDSN.txt (text/plain) in CBT.V508.FILE458.PDS, moved to PDS/WHATDSN
2025-04-04 10:04:58.032338 - Found WHATDSN$.jcl (text/plain) in CBT.V508.FILE458.PDS, moved to PDS/WHATDSN$
2025-04-04 10:04:58.032479 - Found WHATDSN@.txt (text/plain) in CBT.V508.FILE458.PDS, moved to PDS/WHATDSN@
2025-04-04 10:04:58.032595 - Found WHATDSNH.txt (text/plain) in CBT.V508.FILE458.PDS, moved to PDS/WHATDSNH
2025-04-04 10:04:58.032761 - Found XREFASM.bin (application/octet-stream) in CBT.V508.FILE458.PDS, moved to PDS/XREFASM
2025-04-04 10:04:58.032890 - Found XREFASM$.jcl (text/plain) in CBT.V508.FILE458.PDS, moved to PDS/XREFASM$
2025-04-04 10:04:58.033014 - Found XREFASM@.txt (text/plain) in CBT.V508.FILE458.PDS, moved to PDS/XREFASM@
2025-04-04 10:04:58.033203 - Found ZAP.x-dosexec (application/x-dosexec) in CBT.V508.FILE458.PDS, moved to PDS/ZAP
2025-04-04 10:04:58.033360 - Found ZAP$.jcl (text/plain) in CBT.V508.FILE458.PDS, moved to PDS/ZAP$
2025-04-04 10:04:58.033488 - Found ZAP@.txt (text/plain) in CBT.V508.FILE458.PDS, moved to PDS/ZAP@
2025-04-04 10:04:58.033633 - Found ZAPH.txt (text/plain) in CBT.V508.FILE458.PDS, moved to PDS/ZAPH
2025-04-04 10:04:58.033763 - Found ZAPMAC.txt (text/plain) in CBT.V508.FILE458.PDS, moved to PDS/ZAPMAC
